<?xml version="1.0" encoding="UTF-8"?>
<!-- Generated by org.testng.reporters.JUnitReportReporter -->
<testsuite hostname="DESKTOP-8OKOA53" failures="0" tests="4" name="Test.PetTest" time="6.017" errors="0" timestamp="2023-09-17T22:35:06 IST" skipped="0">
  <testcase classname="Test.PetTest" name="cratePet" time="1.684"/>
  <system-out/>
  <testcase classname="Test.PetTest" name="GetPet" time="1.373"/>
  <system-out/>
  <testcase classname="Test.PetTest" name="UpdatePet" time="1.597"/>
  <system-out/>
  <testcase classname="Test.PetTest" name="DeletePet" time="1.363"/>
  <system-out/>
</testsuite> <!-- Test.PetTest -->
