<?xml version="1.0" encoding="UTF-8"?>
<!-- Generated by org.testng.reporters.JUnitReportReporter -->
<testsuite hostname="DESKTOP-8OKOA53" failures="0" tests="3" name="Test.StoreTest" time="4.146" errors="0" timestamp="2023-09-17T22:35:06 IST" skipped="0">
  <testcase classname="Test.StoreTest" name="crateorder" time="1.334"/>
  <system-out/>
  <testcase classname="Test.StoreTest" name="getorder" time="1.408"/>
  <system-out/>
  <testcase classname="Test.StoreTest" name="deleteorder" time="1.404"/>
  <system-out/>
</testsuite> <!-- Test.StoreTest -->
